[2023-10-2409:13:28] [ INFO ] [ProductoService:26] se guardo el producto con exito
[2023-10-2409:17:20] [ INFO ] [ProductoService:26] se guardo el producto con exito
[2023-10-2409:21:03] [ INFO ] [ProductoService:26] se guardo el producto con exito
[2023-10-2409:22:19] [ INFO ] [ProductoService:26] se guardo el producto con exito
[2023-10-3023:46:32] [ INFO ] [BrandServiceImpl:25] Se guardará la marca de producto
[2023-10-3113:12:22] [ INFO ] [BrandServiceImpl:25] Se guardará la marca de producto
[2023-10-3119:00:02] [ INFO ] [BrandServiceImpl:25] Se guardará la marca de producto
[2023-11-0106:59:25] [ INFO ] [ProductServiceImpl:68] se encontro el producto
[2023-11-0107:02:36] [ INFO ] [ProductServiceImpl:68] se encontro el producto
[2023-11-0107:02:49] [ INFO ] [ProductServiceImpl:68] se encontro el producto
[2023-11-0107:03:21] [ INFO ] [ProductServiceImpl:68] se encontro el producto
[2023-11-0107:04:32] [ INFO ] [ProductServiceImpl:68] se encontro el producto
[2023-11-0107:07:14] [ INFO ] [ProductServiceImpl:68] se encontro el producto
[2023-11-0107:09:10] [ ERROR] [ProductServiceImpl:71] no existe este producto
[2023-11-0107:09:19] [ INFO ] [ProductServiceImpl:68] se encontro el producto
[2023-11-0107:14:40] [ INFO ] [ProductServiceImpl:68] se encontro el producto
[2023-11-0107:26:30] [ INFO ] [ProductServiceImpl:68] se encontro el producto
[2023-11-0107:45:04] [ ERROR] [ProductServiceImpl:71] no existe este producto
[2023-11-0108:03:26] [ ERROR] [ProductServiceImpl:71] no existe este producto
[2023-11-0108:03:29] [ ERROR] [ProductServiceImpl:71] no existe este producto
[2023-11-0108:03:30] [ ERROR] [ProductServiceImpl:71] no existe este producto
[2023-11-0108:03:31] [ ERROR] [ProductServiceImpl:71] no existe este producto
[2023-11-0108:41:26] [ INFO ] [ProductServiceImpl:66] se encontro el producto
[2023-11-0108:44:10] [ INFO ] [ProductServiceImpl:66] se encontro el producto
[2023-11-0108:45:23] [ INFO ] [ProductServiceImpl:66] se encontro el producto
[2023-11-0108:50:05] [ INFO ] [ProductServiceImpl:66] se encontro el producto
[2023-11-0108:52:46] [ INFO ] [ProductServiceImpl:66] se encontro el producto
[2023-11-0108:54:33] [ INFO ] [ProductServiceImpl:66] se encontro el producto
[2023-11-0110:13:16] [ INFO ] [ProductServiceImpl:66] se encontro el producto
[2023-11-0110:23:43] [ INFO ] [ProductServiceImpl:66] se encontro el producto
[2023-11-0110:29:17] [ INFO ] [ProductServiceImpl:66] se encontro el producto
[2023-11-0110:34:57] [ INFO ] [ProductServiceImpl:66] se encontro el producto
[2023-11-0110:35:24] [ INFO ] [ProductServiceImpl:66] se encontro el producto
[2023-11-0110:36:15] [ INFO ] [ProductServiceImpl:55] Producto eliminado correctamente
[2023-11-0110:36:26] [ ERROR] [ProductServiceImpl:69] no existe este producto
[2023-11-0110:38:48] [ INFO ] [ProductServiceImpl:43] Se actualizó el producto
[2023-11-0110:38:57] [ INFO ] [ProductServiceImpl:66] se encontro el producto
[2023-11-0110:41:57] [ INFO ] [ProductTypeServiceImpl:24] Se guardará el tipo de producto
[2023-11-0110:57:35] [ INFO ] [CharacteristicServiceImpl:25] Se guardará la característica del producto
[2023-11-0111:03:25] [ INFO ] [ProductServiceImpl:66] se encontro el producto
[2023-11-0111:03:36] [ INFO ] [ProductServiceImpl:43] Se actualizó el producto
[2023-11-0111:04:23] [ INFO ] [ProductServiceImpl:66] se encontro el producto
[2023-11-0111:06:27] [ INFO ] [ProductServiceImpl:55] Producto eliminado correctamente
[2023-11-0111:07:13] [ INFO ] [ProductTypeServiceImpl:24] Se guardará el tipo de producto
[2023-11-0111:07:44] [ INFO ] [BrandServiceImpl:25] Se guardará la marca de producto
[2023-11-0111:09:24] [ INFO ] [CharacteristicServiceImpl:25] Se guardará la característica del producto
[2023-11-0122:55:48] [ INFO ] [ProductServiceImpl:66] se encontro el producto
[2023-11-0122:56:03] [ INFO ] [ProductServiceImpl:43] Se actualizó el producto
[2023-11-0122:56:16] [ INFO ] [ProductServiceImpl:66] se encontro el producto
[2023-11-0122:57:08] [ INFO ] [ProductServiceImpl:43] Se actualizó el producto
[2023-11-0122:57:14] [ INFO ] [ProductServiceImpl:66] se encontro el producto
[2023-11-0122:57:27] [ INFO ] [ProductServiceImpl:43] Se actualizó el producto
[2023-11-0122:57:34] [ INFO ] [ProductServiceImpl:66] se encontro el producto
[2023-11-0123:36:17] [ INFO ] [ProductServiceImpl:66] se encontro el producto
[2023-11-0123:37:28] [ ERROR] [ProductServiceImpl:69] no existe este producto
[2023-11-0123:37:47] [ INFO ] [ProductServiceImpl:66] se encontro el producto
[2023-11-0123:56:21] [ INFO ] [ProductImageServiceImpl:34] Se va a actualizar la imagen
[2023-11-0200:07:38] [ INFO ] [ProductImageServiceImpl:28] Se guardará la imagen
[2023-11-0200:08:03] [ INFO ] [ProductServiceImpl:66] se encontro el producto
[2023-11-0200:09:40] [ ERROR] [ProductServiceImpl:69] no existe este producto
[2023-11-0200:09:47] [ INFO ] [ProductImageServiceImpl:28] Se guardará la imagen
[2023-11-0200:09:51] [ INFO ] [ProductServiceImpl:66] se encontro el producto
[2023-11-0200:11:02] [ INFO ] [ProductImageServiceImpl:28] Se guardará la imagen
[2023-11-0200:11:02] [ INFO ] [ProductImageServiceImpl:28] Se guardará la imagen
[2023-11-0200:11:31] [ INFO ] [ProductServiceImpl:66] se encontro el producto
[2023-11-0206:31:22] [ INFO ] [ProductImageServiceImpl:28] Se guardará la imagen
[2023-11-0206:31:22] [ INFO ] [ProductImageServiceImpl:28] Se guardará la imagen
[2023-11-0206:31:30] [ INFO ] [ProductServiceImpl:66] se encontro el producto
[2023-11-0206:33:20] [ INFO ] [ProductServiceImpl:43] Se actualizó el producto
[2023-11-0206:50:24] [ INFO ] [ProductImageServiceImpl:28] Se guardará la imagen
[2023-11-0206:50:24] [ INFO ] [ProductImageServiceImpl:28] Se guardará la imagen
[2023-11-0206:52:32] [ INFO ] [ProductImageServiceImpl:28] Se guardará la imagen
[2023-11-0206:52:32] [ INFO ] [ProductImageServiceImpl:28] Se guardará la imagen
[2023-11-0206:56:52] [ INFO ] [ProductImageServiceImpl:28] Se guardará la imagen
[2023-11-0206:56:52] [ INFO ] [ProductImageServiceImpl:28] Se guardará la imagen
[2023-11-0206:56:57] [ INFO ] [ProductImageServiceImpl:28] Se guardará la imagen
[2023-11-0206:56:57] [ INFO ] [ProductImageServiceImpl:28] Se guardará la imagen
[2023-11-0206:57:56] [ INFO ] [ProductImageServiceImpl:28] Se guardará la imagen
[2023-11-0206:57:56] [ INFO ] [ProductImageServiceImpl:28] Se guardará la imagen
[2023-11-0206:58:11] [ INFO ] [ProductServiceImpl:43] Se actualizó el producto
[2023-11-0206:58:17] [ INFO ] [ProductServiceImpl:43] Se actualizó el producto
[2023-11-0206:58:22] [ ERROR] [ProductServiceImpl:46] No existe este producto
[2023-11-0206:58:39] [ INFO ] [ProductImageServiceImpl:28] Se guardará la imagen
[2023-11-0206:58:39] [ INFO ] [ProductImageServiceImpl:28] Se guardará la imagen
[2023-11-0206:58:48] [ INFO ] [ProductServiceImpl:66] se encontro el producto
[2023-11-0206:59:00] [ INFO ] [ProductImageServiceImpl:28] Se guardará la imagen
[2023-11-0206:59:00] [ INFO ] [ProductImageServiceImpl:28] Se guardará la imagen
[2023-11-0206:59:10] [ INFO ] [ProductServiceImpl:66] se encontro el producto
[2023-11-0207:04:05] [ INFO ] [ProductImageServiceImpl:28] Se guardará la imagen
[2023-11-0207:04:05] [ INFO ] [ProductImageServiceImpl:28] Se guardará la imagen
[2023-11-0207:20:53] [ INFO ] [ProductImageServiceImpl:28] Se guardará la imagen
[2023-11-0207:20:53] [ INFO ] [ProductImageServiceImpl:28] Se guardará la imagen
[2023-11-0207:21:02] [ INFO ] [ProductServiceImpl:66] se encontro el producto
[2023-11-0207:22:05] [ INFO ] [SpecServiceImpl:25] Se guardará la característica del producto
[2023-11-0207:26:23] [ INFO ] [ProductImageServiceImpl:28] Se guardará la imagen
[2023-11-0207:26:23] [ INFO ] [ProductImageServiceImpl:28] Se guardará la imagen
[2023-11-0207:26:29] [ INFO ] [ProductServiceImpl:66] se encontro el producto
[2023-11-0208:21:37] [ INFO ] [ProductImageServiceImpl:28] Se guardará la imagen
[2023-11-0208:21:37] [ INFO ] [ProductImageServiceImpl:28] Se guardará la imagen
[2023-11-0209:16:25] [ INFO ] [ProductImageServiceImpl:28] Se guardará la imagen
[2023-11-0209:16:25] [ INFO ] [ProductImageServiceImpl:28] Se guardará la imagen
[2023-11-0209:55:24] [ INFO ] [ProductImageServiceImpl:28] Se guardará la imagen
[2023-11-0209:55:24] [ INFO ] [ProductImageServiceImpl:28] Se guardará la imagen
[2023-11-0209:57:29] [ INFO ] [ProductImageServiceImpl:28] Se guardará la imagen
[2023-11-0209:57:29] [ INFO ] [ProductImageServiceImpl:28] Se guardará la imagen
[2023-11-0209:59:53] [ INFO ] [ProductImageServiceImpl:28] Se guardará la imagen
[2023-11-0209:59:53] [ INFO ] [ProductImageServiceImpl:28] Se guardará la imagen
[2023-11-0210:02:06] [ INFO ] [ProductImageServiceImpl:28] Se guardará la imagen
[2023-11-0210:02:06] [ INFO ] [ProductImageServiceImpl:28] Se guardará la imagen
[2023-11-0210:45:13] [ INFO ] [ProductImageServiceImpl:28] Se guardará la imagen
[2023-11-0210:45:13] [ INFO ] [ProductImageServiceImpl:28] Se guardará la imagen
[2023-11-0212:53:21] [ INFO ] [ProductImageServiceImpl:28] Se guardará la imagen
[2023-11-0212:53:21] [ INFO ] [ProductImageServiceImpl:28] Se guardará la imagen
[2023-11-0212:55:40] [ INFO ] [ProductImageServiceImpl:28] Se guardará la imagen
[2023-11-0212:55:40] [ INFO ] [ProductImageServiceImpl:28] Se guardará la imagen
[2023-11-0213:11:33] [ INFO ] [ProductServiceImpl:55] Producto eliminado correctamente
[2023-11-0214:58:17] [ INFO ] [ProductImageServiceImpl:28] Se guardará la imagen
[2023-11-0214:58:17] [ INFO ] [ProductImageServiceImpl:28] Se guardará la imagen
[2023-11-0215:28:20] [ INFO ] [ProductImageServiceImpl:28] Se guardará la imagen
[2023-11-0215:28:20] [ INFO ] [ProductImageServiceImpl:28] Se guardará la imagen
[2023-11-0215:38:15] [ INFO ] [ProductImageServiceImpl:28] Se guardará la imagen
[2023-11-0215:38:15] [ INFO ] [ProductImageServiceImpl:28] Se guardará la imagen
[2023-11-0215:38:52] [ INFO ] [ProductImageServiceImpl:28] Se guardará la imagen
[2023-11-0215:38:52] [ INFO ] [ProductImageServiceImpl:28] Se guardará la imagen
[2023-11-0215:40:47] [ INFO ] [ProductImageServiceImpl:28] Se guardará la imagen
[2023-11-0215:40:47] [ INFO ] [ProductImageServiceImpl:28] Se guardará la imagen
[2023-11-0215:40:48] [ INFO ] [ProductImageServiceImpl:28] Se guardará la imagen
[2023-11-0215:40:48] [ INFO ] [ProductImageServiceImpl:28] Se guardará la imagen
[2023-11-0215:44:23] [ INFO ] [ProductImageServiceImpl:28] Se guardará la imagen
[2023-11-0215:44:23] [ INFO ] [ProductImageServiceImpl:28] Se guardará la imagen
[2023-11-0215:44:23] [ INFO ] [ProductImageServiceImpl:28] Se guardará la imagen
[2023-11-0215:49:27] [ INFO ] [ProductImageServiceImpl:28] Se guardará la imagen
[2023-11-0215:49:27] [ INFO ] [ProductImageServiceImpl:28] Se guardará la imagen
[2023-11-0215:49:27] [ INFO ] [ProductImageServiceImpl:28] Se guardará la imagen
[2023-11-0610:04:05] [ INFO ] [BrandServiceImpl:25] Se guardará la marca de producto
[2023-11-0610:07:08] [ INFO ] [ProductImageServiceImpl:26] Se guardará la imagen
[2023-11-0610:07:08] [ INFO ] [ProductImageServiceImpl:26] Se guardará la imagen
[2023-11-0610:07:08] [ INFO ] [ProductImageServiceImpl:26] Se guardará la imagen
[2023-11-0610:07:08] [ INFO ] [ProductImageServiceImpl:26] Se guardará la imagen
[2023-11-0610:07:08] [ INFO ] [ProductImageServiceImpl:26] Se guardará la imagen
[2023-11-0610:07:08] [ INFO ] [ProductImageServiceImpl:26] Se guardará la imagen
[2023-11-0610:07:08] [ INFO ] [ProductImageServiceImpl:26] Se guardará la imagen
[2023-11-0610:07:08] [ INFO ] [ProductImageServiceImpl:26] Se guardará la imagen
[2023-11-0610:10:09] [ INFO ] [BrandServiceImpl:25] Se guardará la marca de producto
[2023-11-0610:10:28] [ INFO ] [BrandServiceImpl:25] Se guardará la marca de producto
[2023-11-0610:12:04] [ INFO ] [ProductImageServiceImpl:26] Se guardará la imagen
[2023-11-0610:12:04] [ INFO ] [ProductImageServiceImpl:26] Se guardará la imagen
[2023-11-0610:12:04] [ INFO ] [ProductImageServiceImpl:26] Se guardará la imagen
[2023-11-0610:12:04] [ INFO ] [ProductImageServiceImpl:26] Se guardará la imagen
[2023-11-0610:12:04] [ INFO ] [ProductImageServiceImpl:26] Se guardará la imagen
[2023-11-0610:12:04] [ INFO ] [ProductImageServiceImpl:26] Se guardará la imagen
[2023-11-0610:12:04] [ INFO ] [ProductImageServiceImpl:26] Se guardará la imagen
[2023-11-0610:14:02] [ INFO ] [BrandServiceImpl:25] Se guardará la marca de producto
[2023-11-0610:15:47] [ INFO ] [ProductImageServiceImpl:26] Se guardará la imagen
[2023-11-0610:15:48] [ INFO ] [ProductImageServiceImpl:26] Se guardará la imagen
[2023-11-0610:15:48] [ INFO ] [ProductImageServiceImpl:26] Se guardará la imagen
[2023-11-0610:15:48] [ INFO ] [ProductImageServiceImpl:26] Se guardará la imagen
[2023-11-0610:15:48] [ INFO ] [ProductImageServiceImpl:26] Se guardará la imagen
[2023-11-0610:53:35] [ INFO ] [ProductServiceImpl:43] Se actualizó el producto
[2023-11-0610:55:27] [ INFO ] [ProductServiceImpl:43] Se actualizó el producto
[2023-11-0610:56:22] [ INFO ] [ProductServiceImpl:66] se encontro el producto
[2023-11-0610:56:22] [ WARN ] [ProductImageServiceImpl:41] Se ha eliminado la imagen con ID: 8
[2023-11-0610:56:22] [ WARN ] [ProductImageServiceImpl:41] Se ha eliminado la imagen con ID: 3
[2023-11-0610:56:22] [ WARN ] [ProductImageServiceImpl:41] Se ha eliminado la imagen con ID: 5
[2023-11-0610:56:22] [ WARN ] [ProductImageServiceImpl:41] Se ha eliminado la imagen con ID: 4
[2023-11-0610:56:22] [ WARN ] [ProductImageServiceImpl:41] Se ha eliminado la imagen con ID: 6
[2023-11-0610:56:22] [ WARN ] [ProductImageServiceImpl:41] Se ha eliminado la imagen con ID: 7
[2023-11-0610:56:22] [ INFO ] [ProductServiceImpl:43] Se actualizó el producto
[2023-11-0620:55:02] [ INFO ] [BrandServiceImpl:25] Se guardará la marca de producto
[2023-11-0620:55:03] [ INFO ] [ProductImageServiceImpl:26] Se guardará la imagen
[2023-11-0620:55:03] [ INFO ] [ProductImageServiceImpl:26] Se guardará la imagen
[2023-11-0621:01:59] [ INFO ] [BrandServiceImpl:25] Se guardará la marca de producto
[2023-11-0621:01:59] [ INFO ] [ProductImageServiceImpl:26] Se guardará la imagen
[2023-11-0622:12:17] [ INFO ] [ProductImageServiceImpl:26] Se guardará la imagen
[2023-11-0622:12:17] [ INFO ] [ProductImageServiceImpl:26] Se guardará la imagen
[2023-11-0622:15:23] [ INFO ] [ProductImageServiceImpl:26] Se guardará la imagen
[2023-11-0622:15:23] [ INFO ] [ProductImageServiceImpl:26] Se guardará la imagen
[2023-11-0718:30:46] [ INFO ] [BrandServiceImpl:25] Se guardará la marca de producto
[2023-11-0718:30:46] [ INFO ] [ProductImageServiceImpl:26] Se guardará la imagen
[2023-11-0718:30:46] [ INFO ] [ProductImageServiceImpl:26] Se guardará la imagen
[2023-11-0718:30:46] [ INFO ] [ProductImageServiceImpl:26] Se guardará la imagen
[2023-11-0718:30:46] [ INFO ] [ProductImageServiceImpl:26] Se guardará la imagen
[2023-11-0718:30:46] [ INFO ] [ProductImageServiceImpl:26] Se guardará la imagen
[2023-11-0718:30:46] [ INFO ] [ProductImageServiceImpl:26] Se guardará la imagen
[2023-11-0719:09:48] [ INFO ] [ProductImageServiceImpl:26] Se guardará la imagen
[2023-11-0719:09:48] [ INFO ] [ProductImageServiceImpl:26] Se guardará la imagen
[2023-11-0719:19:38] [ INFO ] [ProductImageServiceImpl:26] Se guardará la imagen
[2023-11-0719:19:38] [ INFO ] [ProductImageServiceImpl:26] Se guardará la imagen
[2023-11-0719:20:02] [ INFO ] [ProductImageServiceImpl:26] Se guardará la imagen
[2023-11-0719:20:02] [ INFO ] [ProductImageServiceImpl:26] Se guardará la imagen
[2023-11-0719:20:10] [ INFO ] [ProductImageServiceImpl:26] Se guardará la imagen
[2023-11-0719:20:10] [ INFO ] [ProductImageServiceImpl:26] Se guardará la imagen
[2023-11-0719:29:21] [ INFO ] [ProductImageServiceImpl:26] Se guardará la imagen
[2023-11-0719:29:21] [ INFO ] [ProductImageServiceImpl:26] Se guardará la imagen
[2023-11-0719:29:26] [ INFO ] [ProductImageServiceImpl:26] Se guardará la imagen
[2023-11-0719:29:26] [ INFO ] [ProductImageServiceImpl:26] Se guardará la imagen
[2023-11-0719:50:06] [ INFO ] [ProductImageServiceImpl:26] Se guardará la imagen
[2023-11-0719:50:06] [ INFO ] [ProductImageServiceImpl:26] Se guardará la imagen
[2023-11-0719:50:09] [ INFO ] [ProductImageServiceImpl:26] Se guardará la imagen
[2023-11-0719:50:09] [ INFO ] [ProductImageServiceImpl:26] Se guardará la imagen
[2023-11-0719:50:12] [ INFO ] [ProductImageServiceImpl:26] Se guardará la imagen
[2023-11-0719:50:12] [ INFO ] [ProductImageServiceImpl:26] Se guardará la imagen
